[INFO] Scanning for projects...
[INFO] 
[INFO] -----------< com.testing.automation:api-automation-platform >-----------
[INFO] Building API Automation Platform 0.0.1-SNAPSHOT
[INFO]   from pom.xml
[INFO] --------------------------------[ jar ]---------------------------------
[INFO] 
[INFO] >>> spring-boot:3.2.3:run (default-cli) > test-compile @ api-automation-platform >>>
[INFO] 
[INFO] --- resources:3.3.1:resources (default-resources) @ api-automation-platform ---
[INFO] Copying 1 resource from src/main/resources to target/classes
[INFO] Copying 4 resources from src/main/resources to target/classes
[INFO] 
[INFO] --- compiler:3.11.0:compile (default-compile) @ api-automation-platform ---
[INFO] Nothing to compile - all classes are up to date
[INFO] 
[INFO] --- resources:3.3.1:testResources (default-testResources) @ api-automation-platform ---
[INFO] skip non existing resourceDirectory /Users/cccc/IdeaProjects/GmnTestPlatform/backend/src/test/resources
[INFO] 
[INFO] --- compiler:3.11.0:testCompile (default-testCompile) @ api-automation-platform ---
[INFO] Nothing to compile - all classes are up to date
[INFO] 
[INFO] <<< spring-boot:3.2.3:run (default-cli) < test-compile @ api-automation-platform <<<
[INFO] 
[INFO] 
[INFO] --- spring-boot:3.2.3:run (default-cli) @ api-automation-platform ---
[INFO] Attaching agents: []
Standard Commons Logging discovery in action with spring-jcl: please remove commons-logging.jar from classpath in order to avoid potential conflicts

  .   ____          _            __ _ _
 /\\ / ___'_ __ _ _(_)_ __  __ _ \ \ \ \
( ( )\___ | '_ | '_| | '_ \/ _` | \ \ \ \
 \\/  ___)| |_)| | | | | || (_| |  ) ) ) )
  '  |____| .__|_| |_|_| |_\__, | / / / /
 =========|_|==============|___/=/_/_/_/
 :: Spring Boot ::                (v3.2.3)

2026-01-27T17:49:19.287+08:00  INFO 46428 --- [           main] com.testing.automation.Application       : Starting Application using Java 17.0.6 with PID 46428 (/Users/cccc/IdeaProjects/GmnTestPlatform/backend/target/classes started by cccc in /Users/cccc/IdeaProjects/GmnTestPlatform/backend)
2026-01-27T17:49:19.288+08:00 DEBUG 46428 --- [           main] com.testing.automation.Application       : Running with Spring Boot v3.2.3, Spring v6.1.4
2026-01-27T17:49:19.288+08:00  INFO 46428 --- [           main] com.testing.automation.Application       : No active profile set, falling back to 1 default profile: "default"
2026-01-27T17:49:19.853+08:00  INFO 46428 --- [           main] ptablePropertiesBeanFactoryPostProcessor : Post-processing PropertySource instances
2026-01-27T17:49:19.853+08:00  INFO 46428 --- [           main] c.u.j.EncryptablePropertySourceConverter : Skipping PropertySource configurationProperties [class org.springframework.boot.context.properties.source.ConfigurationPropertySourcesPropertySource
2026-01-27T17:49:19.853+08:00  INFO 46428 --- [           main] c.u.j.EncryptablePropertySourceConverter : Skipping PropertySource servletConfigInitParams [class org.springframework.core.env.PropertySource$StubPropertySource
2026-01-27T17:49:19.853+08:00  INFO 46428 --- [           main] c.u.j.EncryptablePropertySourceConverter : Skipping PropertySource servletContextInitParams [class org.springframework.core.env.PropertySource$StubPropertySource
2026-01-27T17:49:19.854+08:00  INFO 46428 --- [           main] c.u.j.EncryptablePropertySourceConverter : Converting PropertySource systemProperties [org.springframework.core.env.PropertiesPropertySource] to EncryptableMapPropertySourceWrapper
2026-01-27T17:49:19.854+08:00  INFO 46428 --- [           main] c.u.j.EncryptablePropertySourceConverter : Converting PropertySource systemEnvironment [org.springframework.boot.env.SystemEnvironmentPropertySourceEnvironmentPostProcessor$OriginAwareSystemEnvironmentPropertySource] to EncryptableSystemEnvironmentPropertySourceWrapper
2026-01-27T17:49:19.854+08:00  INFO 46428 --- [           main] c.u.j.EncryptablePropertySourceConverter : Converting PropertySource random [org.springframework.boot.env.RandomValuePropertySource] to EncryptablePropertySourceWrapper
2026-01-27T17:49:19.854+08:00  INFO 46428 --- [           main] c.u.j.EncryptablePropertySourceConverter : Converting PropertySource Config resource 'class path resource [application.yml]' via location 'optional:classpath:/' [org.springframework.boot.env.OriginTrackedMapPropertySource] to EncryptableMapPropertySourceWrapper
2026-01-27T17:49:19.996+08:00  INFO 46428 --- [           main] o.s.b.w.embedded.tomcat.TomcatWebServer  : Tomcat initialized with port 7777 (http)
2026-01-27T17:49:20.001+08:00  INFO 46428 --- [           main] o.apache.catalina.core.StandardService   : Starting service [Tomcat]
2026-01-27T17:49:20.001+08:00  INFO 46428 --- [           main] o.apache.catalina.core.StandardEngine    : Starting Servlet engine: [Apache Tomcat/10.1.19]
2026-01-27T17:49:20.025+08:00  INFO 46428 --- [           main] o.a.c.c.C.[Tomcat].[localhost].[/]       : Initializing Spring embedded WebApplicationContext
2026-01-27T17:49:20.025+08:00  INFO 46428 --- [           main] w.s.c.ServletWebServerApplicationContext : Root WebApplicationContext: initialization completed in 653 ms
Standard Commons Logging discovery in action with spring-jcl: please remove commons-logging.jar from classpath in order to avoid potential conflicts
2026-01-27T17:49:20.049+08:00  INFO 46428 --- [           main] c.u.j.filter.DefaultLazyPropertyFilter   : Property Filter custom Bean not found with name 'encryptablePropertyFilter'. Initializing Default Property Filter
2026-01-27T17:49:20.053+08:00  INFO 46428 --- [           main] c.u.j.r.DefaultLazyPropertyResolver      : Property Resolver custom Bean not found with name 'encryptablePropertyResolver'. Initializing Default Property Resolver
2026-01-27T17:49:20.054+08:00  INFO 46428 --- [           main] c.u.j.d.DefaultLazyPropertyDetector      : Property Detector custom Bean not found with name 'encryptablePropertyDetector'. Initializing Default Property Detector
2026-01-27T17:49:20.199+08:00 DEBUG 46428 --- [           main] com.zaxxer.hikari.HikariConfig           : Driver class com.mysql.cj.jdbc.Driver found in Thread context class loader jdk.internal.loader.ClassLoaders$AppClassLoader@531d72ca
2026-01-27T17:49:20.322+08:00  INFO 46428 --- [           main] org.quartz.impl.StdSchedulerFactory      : Using default implementation for ThreadExecutor
2026-01-27T17:49:20.327+08:00  INFO 46428 --- [           main] org.quartz.core.SchedulerSignalerImpl    : Initialized Scheduler Signaller of type: class org.quartz.core.SchedulerSignalerImpl
2026-01-27T17:49:20.327+08:00  INFO 46428 --- [           main] org.quartz.core.QuartzScheduler          : Quartz Scheduler v.2.3.2 created.
2026-01-27T17:49:20.327+08:00  INFO 46428 --- [           main] org.quartz.simpl.RAMJobStore             : RAMJobStore initialized.
2026-01-27T17:49:20.327+08:00  INFO 46428 --- [           main] org.quartz.core.QuartzScheduler          : Scheduler meta-data: Quartz Scheduler (v2.3.2) 'quartzScheduler' with instanceId 'NON_CLUSTERED'
  Scheduler class: 'org.quartz.core.QuartzScheduler' - running locally.
  NOT STARTED.
  Currently in standby mode.
  Number of jobs executed: 0
  Using thread pool 'org.quartz.simpl.SimpleThreadPool' - with 10 threads.
  Using job-store 'org.quartz.simpl.RAMJobStore' - which does not support persistence. and is not clustered.

2026-01-27T17:49:20.327+08:00  INFO 46428 --- [           main] org.quartz.impl.StdSchedulerFactory      : Quartz scheduler 'quartzScheduler' initialized from an externally provided properties instance.
2026-01-27T17:49:20.327+08:00  INFO 46428 --- [           main] org.quartz.impl.StdSchedulerFactory      : Quartz scheduler version: 2.3.2
2026-01-27T17:49:20.327+08:00  INFO 46428 --- [           main] org.quartz.core.QuartzScheduler          : JobFactory set to: com.testing.automation.config.QuartzConfig$AutowiringSpringBeanJobFactory@72a33316
2026-01-27T17:49:20.379+08:00 DEBUG 46428 --- [           main] c.t.a.s.invoker.StepInvokerRegistry      : Registered StepInvoker for type: CASE
2026-01-27T17:49:20.379+08:00 DEBUG 46428 --- [           main] c.t.a.s.invoker.StepInvokerRegistry      : Registered StepInvoker for type: GROUP
2026-01-27T17:49:20.379+08:00 DEBUG 46428 --- [           main] c.t.a.s.invoker.StepInvokerRegistry      : Registered StepInvoker for type: IF
2026-01-27T17:49:20.379+08:00 DEBUG 46428 --- [           main] c.t.a.s.invoker.StepInvokerRegistry      : Registered StepInvoker for type: LOOP
2026-01-27T17:49:20.379+08:00 DEBUG 46428 --- [           main] c.t.a.s.invoker.StepInvokerRegistry      : Registered StepInvoker for type: SCENARIO
2026-01-27T17:49:20.379+08:00 DEBUG 46428 --- [           main] c.t.a.s.invoker.StepInvokerRegistry      : Registered StepInvoker for type: SCRIPT
2026-01-27T17:49:20.379+08:00 DEBUG 46428 --- [           main] c.t.a.s.invoker.StepInvokerRegistry      : Registered StepInvoker for type: WAIT
2026-01-27T17:49:20.379+08:00  INFO 46428 --- [           main] c.t.a.s.invoker.StepInvokerRegistry      : Initialized StepInvokerRegistry with 7 invokers
2026-01-27T17:49:20.634+08:00  WARN 46428 --- [           main] o.s.b.a.f.FreeMarkerAutoConfiguration    : Cannot find template location(s): [classpath:/templates/] (please add some templates, check your FreeMarker configuration, or set spring.freemarker.check-template-location=false)
2026-01-27T17:49:20.641+08:00  INFO 46428 --- [           main] o.s.b.a.e.web.EndpointLinksResolver      : Exposing 2 endpoint(s) beneath base path '/actuator'
2026-01-27T17:49:20.672+08:00  INFO 46428 --- [           main] o.s.b.w.embedded.tomcat.TomcatWebServer  : Tomcat started on port 7777 (http) with context path ''
2026-01-27T17:49:20.673+08:00  INFO 46428 --- [           main] u.j.c.RefreshScopeRefreshedEventListener : Refreshing cached encryptable property sources on ServletWebServerInitializedEvent
2026-01-27T17:49:20.673+08:00  INFO 46428 --- [           main] CachingDelegateEncryptablePropertySource : Property Source systemProperties refreshed
2026-01-27T17:49:20.673+08:00  INFO 46428 --- [           main] CachingDelegateEncryptablePropertySource : Property Source systemEnvironment refreshed
2026-01-27T17:49:20.673+08:00  INFO 46428 --- [           main] CachingDelegateEncryptablePropertySource : Property Source random refreshed
2026-01-27T17:49:20.673+08:00  INFO 46428 --- [           main] CachingDelegateEncryptablePropertySource : Property Source Config resource 'class path resource [application.yml]' via location 'optional:classpath:/' refreshed
2026-01-27T17:49:20.673+08:00  INFO 46428 --- [           main] c.u.j.EncryptablePropertySourceConverter : Skipping PropertySource configurationProperties [class org.springframework.boot.context.properties.source.ConfigurationPropertySourcesPropertySource
2026-01-27T17:49:20.673+08:00  INFO 46428 --- [           main] c.u.j.EncryptablePropertySourceConverter : Skipping PropertySource servletConfigInitParams [class org.springframework.core.env.PropertySource$StubPropertySource
2026-01-27T17:49:20.673+08:00  INFO 46428 --- [           main] c.u.j.EncryptablePropertySourceConverter : Converting PropertySource servletContextInitParams [org.springframework.web.context.support.ServletContextPropertySource] to EncryptableEnumerablePropertySourceWrapper
2026-01-27T17:49:20.673+08:00  INFO 46428 --- [           main] c.u.j.EncryptablePropertySourceConverter : Converting PropertySource Management Server [org.springframework.boot.actuate.autoconfigure.web.server.ManagementContextAutoConfiguration$SameManagementContextConfiguration$1] to EncryptablePropertySourceWrapper
2026-01-27T17:49:20.673+08:00  INFO 46428 --- [           main] o.s.s.quartz.SchedulerFactoryBean        : Starting Quartz Scheduler now
2026-01-27T17:49:20.673+08:00  INFO 46428 --- [           main] org.quartz.core.QuartzScheduler          : Scheduler quartzScheduler_$_NON_CLUSTERED started.
2026-01-27T17:49:20.682+08:00  INFO 46428 --- [           main] com.testing.automation.Application       : Started Application in 1.54 seconds (process running for 1.671)
2026-01-27T17:50:17.379+08:00  INFO 46428 --- [nio-7777-exec-1] o.a.c.c.C.[Tomcat].[localhost].[/]       : Initializing Spring DispatcherServlet 'dispatcherServlet'
2026-01-27T17:50:17.380+08:00  INFO 46428 --- [nio-7777-exec-1] o.s.web.servlet.DispatcherServlet        : Initializing Servlet 'dispatcherServlet'
2026-01-27T17:50:17.391+08:00  INFO 46428 --- [nio-7777-exec-1] o.s.web.servlet.DispatcherServlet        : Completed initialization in 10 ms
2026-01-27T17:50:17.418+08:00  INFO 46428 --- [nio-7777-exec-1] c.t.a.controller.TestCaseController      : SSE Stream started - projectId: null, moduleId: null, caseId: 919, envKey: 17test
2026-01-27T17:50:17.419+08:00  INFO 46428 --- [pool-4-thread-1] c.t.a.controller.TestCaseController      : SSE executor thread started
2026-01-27T17:50:17.420+08:00  INFO 46428 --- [pool-4-thread-1] c.t.a.controller.TestCaseController      : SSE initial message sent successfully
2026-01-27T17:50:17.431+08:00 DEBUG 46428 --- [pool-4-thread-1] o.s.jdbc.datasource.DataSourceUtils      : Fetching JDBC Connection from DataSource
2026-01-27T17:50:17.433+08:00 DEBUG 46428 --- [pool-4-thread-1] com.zaxxer.hikari.HikariConfig           : HikariPool-1 - configuration:
2026-01-27T17:50:17.436+08:00 DEBUG 46428 --- [pool-4-thread-1] com.zaxxer.hikari.HikariConfig           : allowPoolSuspension.............false
2026-01-27T17:50:17.436+08:00 DEBUG 46428 --- [pool-4-thread-1] com.zaxxer.hikari.HikariConfig           : autoCommit......................true
2026-01-27T17:50:17.436+08:00 DEBUG 46428 --- [pool-4-thread-1] com.zaxxer.hikari.HikariConfig           : catalog.........................none
2026-01-27T17:50:17.436+08:00 DEBUG 46428 --- [pool-4-thread-1] com.zaxxer.hikari.HikariConfig           : connectionInitSql...............none
2026-01-27T17:50:17.436+08:00 DEBUG 46428 --- [pool-4-thread-1] com.zaxxer.hikari.HikariConfig           : connectionTestQuery.............none
2026-01-27T17:50:17.436+08:00 DEBUG 46428 --- [pool-4-thread-1] com.zaxxer.hikari.HikariConfig           : connectionTimeout...............30000
2026-01-27T17:50:17.436+08:00 DEBUG 46428 --- [pool-4-thread-1] com.zaxxer.hikari.HikariConfig           : dataSource......................none
2026-01-27T17:50:17.436+08:00 DEBUG 46428 --- [pool-4-thread-1] com.zaxxer.hikari.HikariConfig           : dataSourceClassName.............none
2026-01-27T17:50:17.436+08:00 DEBUG 46428 --- [pool-4-thread-1] com.zaxxer.hikari.HikariConfig           : dataSourceJNDI..................none
2026-01-27T17:50:17.437+08:00 DEBUG 46428 --- [pool-4-thread-1] com.zaxxer.hikari.HikariConfig           : dataSourceProperties............{password=<masked>}
2026-01-27T17:50:17.437+08:00 DEBUG 46428 --- [pool-4-thread-1] com.zaxxer.hikari.HikariConfig           : driverClassName................."com.mysql.cj.jdbc.Driver"
2026-01-27T17:50:17.437+08:00 DEBUG 46428 --- [pool-4-thread-1] com.zaxxer.hikari.HikariConfig           : exceptionOverrideClassName......none
2026-01-27T17:50:17.437+08:00 DEBUG 46428 --- [pool-4-thread-1] com.zaxxer.hikari.HikariConfig           : healthCheckProperties...........{}
2026-01-27T17:50:17.437+08:00 DEBUG 46428 --- [pool-4-thread-1] com.zaxxer.hikari.HikariConfig           : healthCheckRegistry.............none
2026-01-27T17:50:17.437+08:00 DEBUG 46428 --- [pool-4-thread-1] com.zaxxer.hikari.HikariConfig           : idleTimeout.....................600000
2026-01-27T17:50:17.437+08:00 DEBUG 46428 --- [pool-4-thread-1] com.zaxxer.hikari.HikariConfig           : initializationFailTimeout.......1
2026-01-27T17:50:17.437+08:00 DEBUG 46428 --- [pool-4-thread-1] com.zaxxer.hikari.HikariConfig           : isolateInternalQueries..........false
2026-01-27T17:50:17.437+08:00 DEBUG 46428 --- [pool-4-thread-1] com.zaxxer.hikari.HikariConfig           : jdbcUrl.........................jdbc:mysql://10.48.0.13:3306/TestPlatform?useSSL=false&serverTimezone=Asia/Shanghai&allowPublicKeyRetrieval=true
2026-01-27T17:50:17.437+08:00 DEBUG 46428 --- [pool-4-thread-1] com.zaxxer.hikari.HikariConfig           : keepaliveTime...................0
2026-01-27T17:50:17.437+08:00 DEBUG 46428 --- [pool-4-thread-1] com.zaxxer.hikari.HikariConfig           : leakDetectionThreshold..........0
2026-01-27T17:50:17.437+08:00 DEBUG 46428 --- [pool-4-thread-1] com.zaxxer.hikari.HikariConfig           : maxLifetime.....................1800000
2026-01-27T17:50:17.437+08:00 DEBUG 46428 --- [pool-4-thread-1] com.zaxxer.hikari.HikariConfig           : maximumPoolSize.................10
2026-01-27T17:50:17.437+08:00 DEBUG 46428 --- [pool-4-thread-1] com.zaxxer.hikari.HikariConfig           : metricRegistry..................none
2026-01-27T17:50:17.437+08:00 DEBUG 46428 --- [pool-4-thread-1] com.zaxxer.hikari.HikariConfig           : metricsTrackerFactory...........com.zaxxer.hikari.metrics.micrometer.MicrometerMetricsTrackerFactory@1604e801
2026-01-27T17:50:17.437+08:00 DEBUG 46428 --- [pool-4-thread-1] com.zaxxer.hikari.HikariConfig           : minimumIdle.....................10
2026-01-27T17:50:17.437+08:00 DEBUG 46428 --- [pool-4-thread-1] com.zaxxer.hikari.HikariConfig           : password........................<masked>
2026-01-27T17:50:17.437+08:00 DEBUG 46428 --- [pool-4-thread-1] com.zaxxer.hikari.HikariConfig           : poolName........................"HikariPool-1"
2026-01-27T17:50:17.437+08:00 DEBUG 46428 --- [pool-4-thread-1] com.zaxxer.hikari.HikariConfig           : readOnly........................false
2026-01-27T17:50:17.437+08:00 DEBUG 46428 --- [pool-4-thread-1] com.zaxxer.hikari.HikariConfig           : registerMbeans..................false
2026-01-27T17:50:17.437+08:00 DEBUG 46428 --- [pool-4-thread-1] com.zaxxer.hikari.HikariConfig           : scheduledExecutor...............none
2026-01-27T17:50:17.437+08:00 DEBUG 46428 --- [pool-4-thread-1] com.zaxxer.hikari.HikariConfig           : schema..........................none
2026-01-27T17:50:17.437+08:00 DEBUG 46428 --- [pool-4-thread-1] com.zaxxer.hikari.HikariConfig           : threadFactory...................internal
2026-01-27T17:50:17.438+08:00 DEBUG 46428 --- [pool-4-thread-1] com.zaxxer.hikari.HikariConfig           : transactionIsolation............default
2026-01-27T17:50:17.438+08:00 DEBUG 46428 --- [pool-4-thread-1] com.zaxxer.hikari.HikariConfig           : username........................"insp_dev"
2026-01-27T17:50:17.438+08:00 DEBUG 46428 --- [pool-4-thread-1] com.zaxxer.hikari.HikariConfig           : validationTimeout...............5000
2026-01-27T17:50:17.438+08:00  INFO 46428 --- [pool-4-thread-1] com.zaxxer.hikari.HikariDataSource       : HikariPool-1 - Starting...
2026-01-27T17:50:17.572+08:00  INFO 46428 --- [pool-4-thread-1] com.zaxxer.hikari.pool.HikariPool        : HikariPool-1 - Added connection com.mysql.cj.jdbc.ConnectionImpl@6125ad8a
2026-01-27T17:50:17.573+08:00  INFO 46428 --- [pool-4-thread-1] com.zaxxer.hikari.HikariDataSource       : HikariPool-1 - Start completed.
2026-01-27T17:50:17.605+08:00 DEBUG 46428 --- [pool-4-thread-1] o.s.jdbc.datasource.DataSourceUtils      : Fetching JDBC Connection from DataSource
2026-01-27T17:50:17.614+08:00 DEBUG 46428 --- [pool-4-thread-1] o.s.jdbc.datasource.DataSourceUtils      : Fetching JDBC Connection from DataSource
2026-01-27T17:50:17.674+08:00 DEBUG 46428 --- [l-1 housekeeper] com.zaxxer.hikari.pool.HikariPool        : HikariPool-1 - Pool stats (total=1, active=0, idle=1, waiting=0)
2026-01-27T17:50:17.696+08:00 ERROR 46428 --- [pool-4-thread-1] io.qameta.allure.AllureLifecycle         : Could not update test case: no test case running
2026-01-27T17:50:17.696+08:00 DEBUG 46428 --- [pool-4-thread-1] c.t.automation.service.TestCaseService   : Executing Groovy script: // 生成当前毫秒级时间戳并存入变量 timestamp
vars.put("timestamp", System.currentTimeMillis())

2026-01-27T17:50:17.719+08:00 DEBUG 46428 --- [onnection adder] com.zaxxer.hikari.pool.HikariPool        : HikariPool-1 - Added connection com.mysql.cj.jdbc.ConnectionImpl@47071d77
2026-01-27T17:50:17.795+08:00 DEBUG 46428 --- [onnection adder] com.zaxxer.hikari.pool.HikariPool        : HikariPool-1 - Added connection com.mysql.cj.jdbc.ConnectionImpl@63a174c
2026-01-27T17:50:17.854+08:00 DEBUG 46428 --- [onnection adder] com.zaxxer.hikari.pool.HikariPool        : HikariPool-1 - Added connection com.mysql.cj.jdbc.ConnectionImpl@37f6d468
2026-01-27T17:50:17.915+08:00 DEBUG 46428 --- [onnection adder] com.zaxxer.hikari.pool.HikariPool        : HikariPool-1 - Added connection com.mysql.cj.jdbc.ConnectionImpl@6615e803
2026-01-27T17:50:17.920+08:00 DEBUG 46428 --- [pool-4-thread-1] c.t.automation.service.TestCaseService   : Groovy script executed successfully. Result: null
2026-01-27T17:50:17.921+08:00 DEBUG 46428 --- [pool-4-thread-1] o.s.jdbc.datasource.DataSourceUtils      : Fetching JDBC Connection from DataSource
2026-01-27T17:50:17.928+08:00 DEBUG 46428 --- [pool-4-thread-1] o.s.jdbc.datasource.DataSourceUtils      : Fetching JDBC Connection from DataSource
2026-01-27T17:50:17.932+08:00  INFO 46428 --- [pool-4-thread-1] c.t.automation.service.TestCaseService   : =================== MAIN REQUEST START ===================
2026-01-27T17:50:17.932+08:00  INFO 46428 --- [pool-4-thread-1] c.t.automation.service.TestCaseService   : Case:   app login
2026-01-27T17:50:17.932+08:00  INFO 46428 --- [pool-4-thread-1] c.t.automation.service.TestCaseService   : Method: POST
2026-01-27T17:50:17.932+08:00  INFO 46428 --- [pool-4-thread-1] c.t.automation.service.TestCaseService   : URL:    http://10.48.0.17:8888/v2/base/app/login
2026-01-27T17:50:17.932+08:00  INFO 46428 --- [pool-4-thread-1] c.t.automation.service.TestCaseService   : Body (Raw):      {
  "username": "znbo",
		"password": "Carsome@123",
		"captcha":  "123"
}
2026-01-27T17:50:17.932+08:00  INFO 46428 --- [pool-4-thread-1] c.t.automation.service.TestCaseService   : Body (Resolved): {
  "username": "znbo",
		"password": "Carsome@123",
		"captcha":  "123"
}
2026-01-27T17:50:17.932+08:00  INFO 46428 --- [pool-4-thread-1] c.t.automation.service.TestCaseService   : =================== MAIN REQUEST END =====================
2026-01-27T17:50:17.988+08:00 DEBUG 46428 --- [onnection adder] com.zaxxer.hikari.pool.HikariPool        : HikariPool-1 - Added connection com.mysql.cj.jdbc.ConnectionImpl@3e54169
2026-01-27T17:50:18.041+08:00 DEBUG 46428 --- [onnection adder] com.zaxxer.hikari.pool.HikariPool        : HikariPool-1 - Added connection com.mysql.cj.jdbc.ConnectionImpl@625bf2a7
2026-01-27T17:50:18.106+08:00 DEBUG 46428 --- [onnection adder] com.zaxxer.hikari.pool.HikariPool        : HikariPool-1 - Added connection com.mysql.cj.jdbc.ConnectionImpl@4525abcb
2026-01-27T17:50:18.169+08:00 DEBUG 46428 --- [onnection adder] com.zaxxer.hikari.pool.HikariPool        : HikariPool-1 - Added connection com.mysql.cj.jdbc.ConnectionImpl@6991c990
2026-01-27T17:50:18.233+08:00 DEBUG 46428 --- [onnection adder] com.zaxxer.hikari.pool.HikariPool        : HikariPool-1 - Added connection com.mysql.cj.jdbc.ConnectionImpl@7f97dca4
2026-01-27T17:50:18.245+08:00 DEBUG 46428 --- [onnection adder] com.zaxxer.hikari.pool.HikariPool        : HikariPool-1 - After adding stats (total=10, active=0, idle=10, waiting=0)
Executing assertion script: assert jsonPath(response, "$.code") == "0000"
vars.put("token", jsonPath(response, "$.data.token"))
Fixed script (single quotes for JSONPath): assert jsonPath(response, '$.code') == "0000"
vars.put("token", jsonPath(response, '$.data.token'))
Variables after assertion script: {1=2, cms-token=eyJhbGciOiJIUzI1NiIsInR5cCI6IkpXVCJ9.eyJVVUlEIjoiMDAwMDAwMDAtMDAwMC0wMDAwLTAwMDAtMDAwMDAwMDAwMDAwIiwiSUQiOjQwMCwiTmlja05hbWUiOiJ6bmJvUmVhbCIsIkVtYWlsIjoibmluZ2JvLnpoYW5nQGNhcnNvbWUuY29tIiwiQXV0aG9yaXR5SWQiOiJJbnRlcm5hbCBMb3cgTG9hZGVyLGFkbWluLEJyYW5jaCBNYW5hZ2VyIiwiVHlwZSI6MCwiU3RvcmVJZHMiOlsxLDIsMyw0LDUsNiw3LDgsOSwxMCwxMSwxMiwxMywxNCwxNSwxNiwxNywxOCwxOSwyMCwyMSwyMiwyMywyNCwyNSwyNiwyNywyOCwyOSwzMCwzMSwzMiwzMywzNCwzNSwzNiwzNywzOCwzOSw0MCw0MSw0Miw0Myw0NCw0NSw0Niw0Nyw0OCw0OSw1MCw1MSw1Miw1Myw1NCw1NSw1Niw1Nyw1OCw1OSw2MCw2MSw2Miw2Myw2NCw2NSw2Niw2Nyw2OCw2OSw3MCw3MSw3Miw3Myw3NCw3NSw3Niw3Nyw3OCw3OSw4MCw4MSw4Miw4Myw4NCw4NSw4Niw4Nyw4OCw4OSw5MCw5MSw5Miw5Myw5NCw5NSw5Niw5Nyw5OCw5OSwxMDAsMjEsMl0sImV4cCI6MTc2OTQ4OTQ5OCwiaXNzIjoicW1QbHVzIiwibmJmIjoxNzY5NDgxMjk4fQ.7N46Ecl_m3p7gzodWaicmGZZ-eRk4XYdOdOQU0hSt90, base_url_app=http://10.48.0.17:8888, base_url=http://localhost:8080, cms-id-token=eyJhbGciOiJSUzI1NiIsImtpZCI6IjFjMzIxOTgzNGRhNTBlMjBmYWVhZWE3Yzg2Y2U3YjU1MzhmMTdiZTEiLCJ0eXAiOiJKV1QifQ.eyJuYW1lIjoiTmluZ0JvIFpoYW5nIiwicGljdHVyZSI6Imh0dHBzOi8vbGgzLmdvb2dsZXVzZXJjb250ZW50LmNvbS9hL0FDZzhvY0pFaURPOWRoWDhpNF9pNjJXMjMzdDdyUnJVajQ1MjBhYUd6aEJPb2VrVFg1c3dBdz1zOTYtYyIsImlzcyI6Imh0dHBzOi8vc2VjdXJldG9rZW4uZ29vZ2xlLmNvbS9jYXJzb21lLXByZXByb2R1Y3Rpb24iLCJhdWQiOiJjYXJzb21lLXByZXByb2R1Y3Rpb24iLCJhdXRoX3RpbWUiOjE3Njk0ODIyOTcsInVzZXJfaWQiOiJSbkxrNzNQZHFSU2lsalE2aGRyeE1uSDFWSG4yIiwic3ViIjoiUm5MazczUGRxUlNpbGpRNmhkcnhNbkgxVkhuMiIsImlhdCI6MTc2OTQ4MjI5NywiZXhwIjoxNzY5NDg1ODk3LCJlbWFpbCI6Im5pbmdiby56aGFuZ0BjYXJzb21lLmNvbSIsImVtYWlsX3ZlcmlmaWVkIjp0cnVlLCJmaXJlYmFzZSI6eyJpZGVudGl0aWVzIjp7Imdvb2dsZS5jb20iOlsiMTA1MDcxNDg4NzkxNjAxMDkwMDc3Il0sImVtYWlsIjpbIm5pbmdiby56aGFuZ0BjYXJzb21lLmNvbSJdfSwic2lnbl9pbl9wcm92aWRlciI6Imdvb2dsZS5jb20ifX0.t-RykFjMSveEMimnNzG0PHFVFoNCxiGW5HfZLwFKFEIynPXwQ7ybKz-oWJB4TqLicBhq5wwGD_j7lmrR1wfRDgA2zw536V1_IzeBOwAs2-hc73bfwk2sl5AY-w339iORbYHYUXmG2iJmx4b_NFg1Y0lVQu_GDyouV1VL6SaAlUCbO2LDVrtZb6tjnCli9ZziJlUw1Y1Irp_trjmONXcbi7jZjRYKvOFuPx9793BTBxCcMPMHi-AdvjsVRGwib-gj7t0i3zomKZShXCj55V_-LVnSjQecmje7TTfo94g2Dt4d_QOPGcSAgR1k_8oZsfvJzOFWHZve9UYeQwWvK0rAkg, base=1, timestamp=1769507417918, token=eyJhbGciOiJIUzI1NiIsInR5cCI6IkpXVCJ9.eyJVVUlEIjoiMDAwMDAwMDAtMDAwMC0wMDAwLTAwMDAtMDAwMDAwMDAwMDAwIiwiSUQiOjQwMCwiTmlja05hbWUiOiJ6bmJvUmVhbCIsIkVtYWlsIjoibmluZ2JvLnpoYW5nQGNhcnNvbWUuY29tIiwiQXV0aG9yaXR5SWQiOiJJbnRlcm5hbCBMb3cgTG9hZGVyLGFkbWluLEJyYW5jaCBNYW5hZ2VyIiwiVHlwZSI6MiwiU3RvcmVJZHMiOlsxLDIsMyw0LDUsNiw3LDgsOSwxMCwxMSwxMiwxMywxNCwxNSwxNiwxNywxOCwxOSwyMCwyMSwyMiwyMywyNCwyNSwyNiwyNywyOCwyOSwzMCwzMSwzMiwzMywzNCwzNSwzNiwzNywzOCwzOSw0MCw0MSw0Miw0Myw0NCw0NSw0Niw0Nyw0OCw0OSw1MCw1MSw1Miw1Myw1NCw1NSw1Niw1Nyw1OCw1OSw2MCw2MSw2Miw2Myw2NCw2NSw2Niw2Nyw2OCw2OSw3MCw3MSw3Miw3Myw3NCw3NSw3Niw3Nyw3OCw3OSw4MCw4MSw4Miw4Myw4NCw4NSw4Niw4Nyw4OCw4OSw5MCw5MSw5Miw5Myw5NCw5NSw5Niw5Nyw5OCw5OSwxMDAsMjEsMl0sImV4cCI6NjIyNDg5MDI2MTgsImlzcyI6InFtUGx1cyIsIm5iZiI6MTc2OTUwNjQxOH0.CUDy0hm-3Df2e4I-wc4pVYaiku-e-uL6uMaY3wFJJDA}
Assertion script returned null, treating as success
Extractor execution - Type: JSONPATH, Expression: [null], Variable: null
JSONPath execution error for expression [null]: path can not be null or empty
2026-01-27T17:50:18.422+08:00 DEBUG 46428 --- [pool-4-thread-1] o.s.jdbc.datasource.DataSourceUtils      : Fetching JDBC Connection from DataSource
2026-01-27T17:50:18.428+08:00 DEBUG 46428 --- [pool-4-thread-1] o.s.jdbc.datasource.DataSourceUtils      : Fetching JDBC Connection from DataSource
2026-01-27T17:50:18.434+08:00 DEBUG 46428 --- [pool-4-thread-1] c.t.automation.service.TestCaseService   : Executing Groovy script: // Available letters and digits
def letters = "ABCDEFGHIJKLMNOPQRSTUVWXYZ"
def digits = "0123456789"
def random = new Random()
// Generate a random license plate with format "RF12345" (2 letters + 5 digits)
def plate = (1..2).collect { letters[random.nextInt(letters.size())] }.join() + 
            (1..5).collect { digits[random.nextInt(digits.size())] }.join()
// Store the value in variables for use in the request
vars.put("plateNumber", plate)

// 生成 purchasePrice (10000-90000)
def purchasePrice = random.nextInt(80001) + 10000
vars.put("purchasePrice", purchasePrice)

// 共用同一个 random 对象生成 handingFee (1000-90000)
def handingFee = random.nextInt(5001) + 1000
vars.put("handingFee", handingFee)

2026-01-27T17:50:18.476+08:00 DEBUG 46428 --- [pool-4-thread-1] c.t.automation.service.TestCaseService   : Groovy script executed successfully. Result: null
2026-01-27T17:50:18.476+08:00  INFO 46428 --- [pool-4-thread-1] c.t.automation.service.TestCaseService   : =================== MAIN REQUEST START ===================
2026-01-27T17:50:18.476+08:00  INFO 46428 --- [pool-4-thread-1] c.t.automation.service.TestCaseService   : Case:   create purchase test
2026-01-27T17:50:18.476+08:00  INFO 46428 --- [pool-4-thread-1] c.t.automation.service.TestCaseService   : Method: POST
2026-01-27T17:50:18.476+08:00  INFO 46428 --- [pool-4-thread-1] c.t.automation.service.TestCaseService   : URL:    http://10.48.0.17:38081/api/CarPurchase/Create
2026-01-27T17:50:18.476+08:00  INFO 46428 --- [pool-4-thread-1] c.t.automation.service.TestCaseService   : Body (Raw):      {
  "carSource": 5,
  "brandId": "AION",
  "modelId": "Y Plus",
  "year": "2025",
  "variantId": "Elite",
  "variantFacetId": "Elite SUV (FWD)",
  "variantAndFacetId": "Elite-Elite SUV (FWD)",
  "carEngine": "0.0",
  "carTransmission": "Auto",
  "plateNumber": "${plateNumber}",
  "purchaseType": 2,
  "purchasePrice": "${purchasePrice}",
  "handingFee": "${handingFee}",
  "isConsignment": 1,
  "buyerPicId": 763,
  "carType": 1,
  "subCarType": 1
}
2026-01-27T17:50:18.476+08:00  INFO 46428 --- [pool-4-thread-1] c.t.automation.service.TestCaseService   : Body (Resolved): {
  "carSource": 5,
  "brandId": "AION",
  "modelId": "Y Plus",
  "year": "2025",
  "variantId": "Elite",
  "variantFacetId": "Elite SUV (FWD)",
  "variantAndFacetId": "Elite-Elite SUV (FWD)",
  "carEngine": "0.0",
  "carTransmission": "Auto",
  "plateNumber": "CD68617",
  "purchaseType": 2,
  "purchasePrice": "87083",
  "handingFee": "1904",
  "isConsignment": 1,
  "buyerPicId": 763,
  "carType": 1,
  "subCarType": 1
}
2026-01-27T17:50:18.476+08:00  INFO 46428 --- [pool-4-thread-1] c.t.automation.service.TestCaseService   : =================== MAIN REQUEST END =====================
Executing assertion script: 
def code = jsonPath(response, "$.code")
assert code == "0000"


Fixed script (single quotes for JSONPath): 
def code = jsonPath(response, '$.code')
assert code == "0000"


Variables after assertion script: {1=2, cms-token=eyJhbGciOiJIUzI1NiIsInR5cCI6IkpXVCJ9.eyJVVUlEIjoiMDAwMDAwMDAtMDAwMC0wMDAwLTAwMDAtMDAwMDAwMDAwMDAwIiwiSUQiOjQwMCwiTmlja05hbWUiOiJ6bmJvUmVhbCIsIkVtYWlsIjoibmluZ2JvLnpoYW5nQGNhcnNvbWUuY29tIiwiQXV0aG9yaXR5SWQiOiJJbnRlcm5hbCBMb3cgTG9hZGVyLGFkbWluLEJyYW5jaCBNYW5hZ2VyIiwiVHlwZSI6MCwiU3RvcmVJZHMiOlsxLDIsMyw0LDUsNiw3LDgsOSwxMCwxMSwxMiwxMywxNCwxNSwxNiwxNywxOCwxOSwyMCwyMSwyMiwyMywyNCwyNSwyNiwyNywyOCwyOSwzMCwzMSwzMiwzMywzNCwzNSwzNiwzNywzOCwzOSw0MCw0MSw0Miw0Myw0NCw0NSw0Niw0Nyw0OCw0OSw1MCw1MSw1Miw1Myw1NCw1NSw1Niw1Nyw1OCw1OSw2MCw2MSw2Miw2Myw2NCw2NSw2Niw2Nyw2OCw2OSw3MCw3MSw3Miw3Myw3NCw3NSw3Niw3Nyw3OCw3OSw4MCw4MSw4Miw4Myw4NCw4NSw4Niw4Nyw4OCw4OSw5MCw5MSw5Miw5Myw5NCw5NSw5Niw5Nyw5OCw5OSwxMDAsMjEsMl0sImV4cCI6MTc2OTQ4OTQ5OCwiaXNzIjoicW1QbHVzIiwibmJmIjoxNzY5NDgxMjk4fQ.7N46Ecl_m3p7gzodWaicmGZZ-eRk4XYdOdOQU0hSt90, base_url_app=http://10.48.0.17:8888, base_url=http://localhost:8080, cms-id-token=eyJhbGciOiJSUzI1NiIsImtpZCI6IjFjMzIxOTgzNGRhNTBlMjBmYWVhZWE3Yzg2Y2U3YjU1MzhmMTdiZTEiLCJ0eXAiOiJKV1QifQ.eyJuYW1lIjoiTmluZ0JvIFpoYW5nIiwicGljdHVyZSI6Imh0dHBzOi8vbGgzLmdvb2dsZXVzZXJjb250ZW50LmNvbS9hL0FDZzhvY0pFaURPOWRoWDhpNF9pNjJXMjMzdDdyUnJVajQ1MjBhYUd6aEJPb2VrVFg1c3dBdz1zOTYtYyIsImlzcyI6Imh0dHBzOi8vc2VjdXJldG9rZW4uZ29vZ2xlLmNvbS9jYXJzb21lLXByZXByb2R1Y3Rpb24iLCJhdWQiOiJjYXJzb21lLXByZXByb2R1Y3Rpb24iLCJhdXRoX3RpbWUiOjE3Njk0ODIyOTcsInVzZXJfaWQiOiJSbkxrNzNQZHFSU2lsalE2aGRyeE1uSDFWSG4yIiwic3ViIjoiUm5MazczUGRxUlNpbGpRNmhkcnhNbkgxVkhuMiIsImlhdCI6MTc2OTQ4MjI5NywiZXhwIjoxNzY5NDg1ODk3LCJlbWFpbCI6Im5pbmdiby56aGFuZ0BjYXJzb21lLmNvbSIsImVtYWlsX3ZlcmlmaWVkIjp0cnVlLCJmaXJlYmFzZSI6eyJpZGVudGl0aWVzIjp7Imdvb2dsZS5jb20iOlsiMTA1MDcxNDg4NzkxNjAxMDkwMDc3Il0sImVtYWlsIjpbIm5pbmdiby56aGFuZ0BjYXJzb21lLmNvbSJdfSwic2lnbl9pbl9wcm92aWRlciI6Imdvb2dsZS5jb20ifX0.t-RykFjMSveEMimnNzG0PHFVFoNCxiGW5HfZLwFKFEIynPXwQ7ybKz-oWJB4TqLicBhq5wwGD_j7lmrR1wfRDgA2zw536V1_IzeBOwAs2-hc73bfwk2sl5AY-w339iORbYHYUXmG2iJmx4b_NFg1Y0lVQu_GDyouV1VL6SaAlUCbO2LDVrtZb6tjnCli9ZziJlUw1Y1Irp_trjmONXcbi7jZjRYKvOFuPx9793BTBxCcMPMHi-AdvjsVRGwib-gj7t0i3zomKZShXCj55V_-LVnSjQecmje7TTfo94g2Dt4d_QOPGcSAgR1k_8oZsfvJzOFWHZve9UYeQwWvK0rAkg, purchasePrice=87083, plateNumber=CD68617, handingFee=1904, base=1, timestamp=1769507417918, token=eyJhbGciOiJIUzI1NiIsInR5cCI6IkpXVCJ9.eyJVVUlEIjoiMDAwMDAwMDAtMDAwMC0wMDAwLTAwMDAtMDAwMDAwMDAwMDAwIiwiSUQiOjQwMCwiTmlja05hbWUiOiJ6bmJvUmVhbCIsIkVtYWlsIjoibmluZ2JvLnpoYW5nQGNhcnNvbWUuY29tIiwiQXV0aG9yaXR5SWQiOiJJbnRlcm5hbCBMb3cgTG9hZGVyLGFkbWluLEJyYW5jaCBNYW5hZ2VyIiwiVHlwZSI6MiwiU3RvcmVJZHMiOlsxLDIsMyw0LDUsNiw3LDgsOSwxMCwxMSwxMiwxMywxNCwxNSwxNiwxNywxOCwxOSwyMCwyMSwyMiwyMywyNCwyNSwyNiwyNywyOCwyOSwzMCwzMSwzMiwzMywzNCwzNSwzNiwzNywzOCwzOSw0MCw0MSw0Miw0Myw0NCw0NSw0Niw0Nyw0OCw0OSw1MCw1MSw1Miw1Myw1NCw1NSw1Niw1Nyw1OCw1OSw2MCw2MSw2Miw2Myw2NCw2NSw2Niw2Nyw2OCw2OSw3MCw3MSw3Miw3Myw3NCw3NSw3Niw3Nyw3OCw3OSw4MCw4MSw4Miw4Myw4NCw4NSw4Niw4Nyw4OCw4OSw5MCw5MSw5Miw5Myw5NCw5NSw5Niw5Nyw5OCw5OSwxMDAsMjEsMl0sImV4cCI6NjIyNDg5MDI2MTgsImlzcyI6InFtUGx1cyIsIm5iZiI6MTc2OTUwNjQxOH0.CUDy0hm-3Df2e4I-wc4pVYaiku-e-uL6uMaY3wFJJDA}
Assertion script returned null, treating as success
Extractor execution - Type: JSONPATH, Expression: [null], Variable: null
JSONPath execution error for expression [null]: path can not be null or empty
2026-01-27T17:50:18.912+08:00 DEBUG 46428 --- [pool-4-thread-1] o.s.jdbc.datasource.DataSourceUtils      : Fetching JDBC Connection from DataSource
2026-01-27T17:50:18.916+08:00 DEBUG 46428 --- [pool-4-thread-1] o.s.jdbc.datasource.DataSourceUtils      : Fetching JDBC Connection from DataSource
2026-01-27T17:50:18.921+08:00  INFO 46428 --- [pool-4-thread-1] c.t.automation.service.TestCaseService   : =================== MAIN REQUEST START ===================
2026-01-27T17:50:18.921+08:00  INFO 46428 --- [pool-4-thread-1] c.t.automation.service.TestCaseService   : Case:   get purchase info
2026-01-27T17:50:18.921+08:00  INFO 46428 --- [pool-4-thread-1] c.t.automation.service.TestCaseService   : Method: POST
2026-01-27T17:50:18.921+08:00  INFO 46428 --- [pool-4-thread-1] c.t.automation.service.TestCaseService   : URL:    http://10.48.0.17:38081/api/CarPurchase/List
2026-01-27T17:50:18.921+08:00  INFO 46428 --- [pool-4-thread-1] c.t.automation.service.TestCaseService   : Body (Raw):      {
  "pageNo": 1,
  "pageSize": 10,
  "inspectionId": 0,
  "plateNumber": "${plateNumber}"
}
2026-01-27T17:50:18.921+08:00  INFO 46428 --- [pool-4-thread-1] c.t.automation.service.TestCaseService   : Body (Resolved): {
  "pageNo": 1,
  "pageSize": 10,
  "inspectionId": 0,
  "plateNumber": "CD68617"
}
2026-01-27T17:50:18.921+08:00  INFO 46428 --- [pool-4-thread-1] c.t.automation.service.TestCaseService   : =================== MAIN REQUEST END =====================
Executing assertion script: def code = jsonPath(response, "$.code")
assert code == "0000"
vars.put("purchaseId",jsonPath(response,"$.data.list[0].id"))
Fixed script (single quotes for JSONPath): def code = jsonPath(response, '$.code')
assert code == "0000"
vars.put("purchaseId",jsonPath(response, '$.data.list[0].id'))
Variables after assertion script: {1=2, cms-token=eyJhbGciOiJIUzI1NiIsInR5cCI6IkpXVCJ9.eyJVVUlEIjoiMDAwMDAwMDAtMDAwMC0wMDAwLTAwMDAtMDAwMDAwMDAwMDAwIiwiSUQiOjQwMCwiTmlja05hbWUiOiJ6bmJvUmVhbCIsIkVtYWlsIjoibmluZ2JvLnpoYW5nQGNhcnNvbWUuY29tIiwiQXV0aG9yaXR5SWQiOiJJbnRlcm5hbCBMb3cgTG9hZGVyLGFkbWluLEJyYW5jaCBNYW5hZ2VyIiwiVHlwZSI6MCwiU3RvcmVJZHMiOlsxLDIsMyw0LDUsNiw3LDgsOSwxMCwxMSwxMiwxMywxNCwxNSwxNiwxNywxOCwxOSwyMCwyMSwyMiwyMywyNCwyNSwyNiwyNywyOCwyOSwzMCwzMSwzMiwzMywzNCwzNSwzNiwzNywzOCwzOSw0MCw0MSw0Miw0Myw0NCw0NSw0Niw0Nyw0OCw0OSw1MCw1MSw1Miw1Myw1NCw1NSw1Niw1Nyw1OCw1OSw2MCw2MSw2Miw2Myw2NCw2NSw2Niw2Nyw2OCw2OSw3MCw3MSw3Miw3Myw3NCw3NSw3Niw3Nyw3OCw3OSw4MCw4MSw4Miw4Myw4NCw4NSw4Niw4Nyw4OCw4OSw5MCw5MSw5Miw5Myw5NCw5NSw5Niw5Nyw5OCw5OSwxMDAsMjEsMl0sImV4cCI6MTc2OTQ4OTQ5OCwiaXNzIjoicW1QbHVzIiwibmJmIjoxNzY5NDgxMjk4fQ.7N46Ecl_m3p7gzodWaicmGZZ-eRk4XYdOdOQU0hSt90, base_url_app=http://10.48.0.17:8888, purchaseId=34009, base_url=http://localhost:8080, cms-id-token=eyJhbGciOiJSUzI1NiIsImtpZCI6IjFjMzIxOTgzNGRhNTBlMjBmYWVhZWE3Yzg2Y2U3YjU1MzhmMTdiZTEiLCJ0eXAiOiJKV1QifQ.eyJuYW1lIjoiTmluZ0JvIFpoYW5nIiwicGljdHVyZSI6Imh0dHBzOi8vbGgzLmdvb2dsZXVzZXJjb250ZW50LmNvbS9hL0FDZzhvY0pFaURPOWRoWDhpNF9pNjJXMjMzdDdyUnJVajQ1MjBhYUd6aEJPb2VrVFg1c3dBdz1zOTYtYyIsImlzcyI6Imh0dHBzOi8vc2VjdXJldG9rZW4uZ29vZ2xlLmNvbS9jYXJzb21lLXByZXByb2R1Y3Rpb24iLCJhdWQiOiJjYXJzb21lLXByZXByb2R1Y3Rpb24iLCJhdXRoX3RpbWUiOjE3Njk0ODIyOTcsInVzZXJfaWQiOiJSbkxrNzNQZHFSU2lsalE2aGRyeE1uSDFWSG4yIiwic3ViIjoiUm5MazczUGRxUlNpbGpRNmhkcnhNbkgxVkhuMiIsImlhdCI6MTc2OTQ4MjI5NywiZXhwIjoxNzY5NDg1ODk3LCJlbWFpbCI6Im5pbmdiby56aGFuZ0BjYXJzb21lLmNvbSIsImVtYWlsX3ZlcmlmaWVkIjp0cnVlLCJmaXJlYmFzZSI6eyJpZGVudGl0aWVzIjp7Imdvb2dsZS5jb20iOlsiMTA1MDcxNDg4NzkxNjAxMDkwMDc3Il0sImVtYWlsIjpbIm5pbmdiby56aGFuZ0BjYXJzb21lLmNvbSJdfSwic2lnbl9pbl9wcm92aWRlciI6Imdvb2dsZS5jb20ifX0.t-RykFjMSveEMimnNzG0PHFVFoNCxiGW5HfZLwFKFEIynPXwQ7ybKz-oWJB4TqLicBhq5wwGD_j7lmrR1wfRDgA2zw536V1_IzeBOwAs2-hc73bfwk2sl5AY-w339iORbYHYUXmG2iJmx4b_NFg1Y0lVQu_GDyouV1VL6SaAlUCbO2LDVrtZb6tjnCli9ZziJlUw1Y1Irp_trjmONXcbi7jZjRYKvOFuPx9793BTBxCcMPMHi-AdvjsVRGwib-gj7t0i3zomKZShXCj55V_-LVnSjQecmje7TTfo94g2Dt4d_QOPGcSAgR1k_8oZsfvJzOFWHZve9UYeQwWvK0rAkg, purchasePrice=87083, plateNumber=CD68617, handingFee=1904, base=1, timestamp=1769507417918, token=eyJhbGciOiJIUzI1NiIsInR5cCI6IkpXVCJ9.eyJVVUlEIjoiMDAwMDAwMDAtMDAwMC0wMDAwLTAwMDAtMDAwMDAwMDAwMDAwIiwiSUQiOjQwMCwiTmlja05hbWUiOiJ6bmJvUmVhbCIsIkVtYWlsIjoibmluZ2JvLnpoYW5nQGNhcnNvbWUuY29tIiwiQXV0aG9yaXR5SWQiOiJJbnRlcm5hbCBMb3cgTG9hZGVyLGFkbWluLEJyYW5jaCBNYW5hZ2VyIiwiVHlwZSI6MiwiU3RvcmVJZHMiOlsxLDIsMyw0LDUsNiw3LDgsOSwxMCwxMSwxMiwxMywxNCwxNSwxNiwxNywxOCwxOSwyMCwyMSwyMiwyMywyNCwyNSwyNiwyNywyOCwyOSwzMCwzMSwzMiwzMywzNCwzNSwzNiwzNywzOCwzOSw0MCw0MSw0Miw0Myw0NCw0NSw0Niw0Nyw0OCw0OSw1MCw1MSw1Miw1Myw1NCw1NSw1Niw1Nyw1OCw1OSw2MCw2MSw2Miw2Myw2NCw2NSw2Niw2Nyw2OCw2OSw3MCw3MSw3Miw3Myw3NCw3NSw3Niw3Nyw3OCw3OSw4MCw4MSw4Miw4Myw4NCw4NSw4Niw4Nyw4OCw4OSw5MCw5MSw5Miw5Myw5NCw5NSw5Niw5Nyw5OCw5OSwxMDAsMjEsMl0sImV4cCI6NjIyNDg5MDI2MTgsImlzcyI6InFtUGx1cyIsIm5iZiI6MTc2OTUwNjQxOH0.CUDy0hm-3Df2e4I-wc4pVYaiku-e-uL6uMaY3wFJJDA}
Assertion script returned null, treating as success
Extractor execution - Type: JSONPATH, Expression: [null], Variable: null
JSONPath execution error for expression [null]: path can not be null or empty
2026-01-27T17:50:18.981+08:00 DEBUG 46428 --- [pool-4-thread-1] o.s.jdbc.datasource.DataSourceUtils      : Fetching JDBC Connection from DataSource
2026-01-27T17:50:18.985+08:00 DEBUG 46428 --- [pool-4-thread-1] o.s.jdbc.datasource.DataSourceUtils      : Fetching JDBC Connection from DataSource
2026-01-27T17:50:18.990+08:00  INFO 46428 --- [pool-4-thread-1] c.t.automation.service.TestCaseService   : =================== MAIN REQUEST START ===================
2026-01-27T17:50:18.990+08:00  INFO 46428 --- [pool-4-thread-1] c.t.automation.service.TestCaseService   : Case:   get checklist
2026-01-27T17:50:18.990+08:00  INFO 46428 --- [pool-4-thread-1] c.t.automation.service.TestCaseService   : Method: GET
2026-01-27T17:50:18.990+08:00  INFO 46428 --- [pool-4-thread-1] c.t.automation.service.TestCaseService   : URL:    http://10.48.0.17:38081/api/CarPurchase/Get/34009
2026-01-27T17:50:18.990+08:00  INFO 46428 --- [pool-4-thread-1] c.t.automation.service.TestCaseService   : Body (Raw):      
2026-01-27T17:50:18.990+08:00  INFO 46428 --- [pool-4-thread-1] c.t.automation.service.TestCaseService   : Body (Resolved): 
2026-01-27T17:50:18.990+08:00  INFO 46428 --- [pool-4-thread-1] c.t.automation.service.TestCaseService   : =================== MAIN REQUEST END =====================
Executing assertion script: def code = jsonPath(response, "$.code")
assert code == "0000"
vars.put("idList", jsonPath(response, "$.data.checkList[*].id"))
System.out.println(vars.get("idList"))
System.out.println(vars.get("idList[0]"))



Fixed script (single quotes for JSONPath): def code = jsonPath(response, '$.code')
assert code == "0000"
vars.put("idList", jsonPath(response, '$.data.checkList[*].id'))
System.out.println(vars.get("idList"))
System.out.println(vars.get("idList[0]"))



[136021, 136022, 136023, 136024]
null
Variables after assertion script: {purchaseId=34009, base_url=http://localhost:8080, cms-id-token=eyJhbGciOiJSUzI1NiIsImtpZCI6IjFjMzIxOTgzNGRhNTBlMjBmYWVhZWE3Yzg2Y2U3YjU1MzhmMTdiZTEiLCJ0eXAiOiJKV1QifQ.eyJuYW1lIjoiTmluZ0JvIFpoYW5nIiwicGljdHVyZSI6Imh0dHBzOi8vbGgzLmdvb2dsZXVzZXJjb250ZW50LmNvbS9hL0FDZzhvY0pFaURPOWRoWDhpNF9pNjJXMjMzdDdyUnJVajQ1MjBhYUd6aEJPb2VrVFg1c3dBdz1zOTYtYyIsImlzcyI6Imh0dHBzOi8vc2VjdXJldG9rZW4uZ29vZ2xlLmNvbS9jYXJzb21lLXByZXByb2R1Y3Rpb24iLCJhdWQiOiJjYXJzb21lLXByZXByb2R1Y3Rpb24iLCJhdXRoX3RpbWUiOjE3Njk0ODIyOTcsInVzZXJfaWQiOiJSbkxrNzNQZHFSU2lsalE2aGRyeE1uSDFWSG4yIiwic3ViIjoiUm5MazczUGRxUlNpbGpRNmhkcnhNbkgxVkhuMiIsImlhdCI6MTc2OTQ4MjI5NywiZXhwIjoxNzY5NDg1ODk3LCJlbWFpbCI6Im5pbmdiby56aGFuZ0BjYXJzb21lLmNvbSIsImVtYWlsX3ZlcmlmaWVkIjp0cnVlLCJmaXJlYmFzZSI6eyJpZGVudGl0aWVzIjp7Imdvb2dsZS5jb20iOlsiMTA1MDcxNDg4NzkxNjAxMDkwMDc3Il0sImVtYWlsIjpbIm5pbmdiby56aGFuZ0BjYXJzb21lLmNvbSJdfSwic2lnbl9pbl9wcm92aWRlciI6Imdvb2dsZS5jb20ifX0.t-RykFjMSveEMimnNzG0PHFVFoNCxiGW5HfZLwFKFEIynPXwQ7ybKz-oWJB4TqLicBhq5wwGD_j7lmrR1wfRDgA2zw536V1_IzeBOwAs2-hc73bfwk2sl5AY-w339iORbYHYUXmG2iJmx4b_NFg1Y0lVQu_GDyouV1VL6SaAlUCbO2LDVrtZb6tjnCli9ZziJlUw1Y1Irp_trjmONXcbi7jZjRYKvOFuPx9793BTBxCcMPMHi-AdvjsVRGwib-gj7t0i3zomKZShXCj55V_-LVnSjQecmje7TTfo94g2Dt4d_QOPGcSAgR1k_8oZsfvJzOFWHZve9UYeQwWvK0rAkg, purchasePrice=87083, idList=[136021,136022,136023,136024], plateNumber=CD68617, handingFee=1904, token=eyJhbGciOiJIUzI1NiIsInR5cCI6IkpXVCJ9.eyJVVUlEIjoiMDAwMDAwMDAtMDAwMC0wMDAwLTAwMDAtMDAwMDAwMDAwMDAwIiwiSUQiOjQwMCwiTmlja05hbWUiOiJ6bmJvUmVhbCIsIkVtYWlsIjoibmluZ2JvLnpoYW5nQGNhcnNvbWUuY29tIiwiQXV0aG9yaXR5SWQiOiJJbnRlcm5hbCBMb3cgTG9hZGVyLGFkbWluLEJyYW5jaCBNYW5hZ2VyIiwiVHlwZSI6MiwiU3RvcmVJZHMiOlsxLDIsMyw0LDUsNiw3LDgsOSwxMCwxMSwxMiwxMywxNCwxNSwxNiwxNywxOCwxOSwyMCwyMSwyMiwyMywyNCwyNSwyNiwyNywyOCwyOSwzMCwzMSwzMiwzMywzNCwzNSwzNiwzNywzOCwzOSw0MCw0MSw0Miw0Myw0NCw0NSw0Niw0Nyw0OCw0OSw1MCw1MSw1Miw1Myw1NCw1NSw1Niw1Nyw1OCw1OSw2MCw2MSw2Miw2Myw2NCw2NSw2Niw2Nyw2OCw2OSw3MCw3MSw3Miw3Myw3NCw3NSw3Niw3Nyw3OCw3OSw4MCw4MSw4Miw4Myw4NCw4NSw4Niw4Nyw4OCw4OSw5MCw5MSw5Miw5Myw5NCw5NSw5Niw5Nyw5OCw5OSwxMDAsMjEsMl0sImV4cCI6NjIyNDg5MDI2MTgsImlzcyI6InFtUGx1cyIsIm5iZiI6MTc2OTUwNjQxOH0.CUDy0hm-3Df2e4I-wc4pVYaiku-e-uL6uMaY3wFJJDA, 1=2, cms-token=eyJhbGciOiJIUzI1NiIsInR5cCI6IkpXVCJ9.eyJVVUlEIjoiMDAwMDAwMDAtMDAwMC0wMDAwLTAwMDAtMDAwMDAwMDAwMDAwIiwiSUQiOjQwMCwiTmlja05hbWUiOiJ6bmJvUmVhbCIsIkVtYWlsIjoibmluZ2JvLnpoYW5nQGNhcnNvbWUuY29tIiwiQXV0aG9yaXR5SWQiOiJJbnRlcm5hbCBMb3cgTG9hZGVyLGFkbWluLEJyYW5jaCBNYW5hZ2VyIiwiVHlwZSI6MCwiU3RvcmVJZHMiOlsxLDIsMyw0LDUsNiw3LDgsOSwxMCwxMSwxMiwxMywxNCwxNSwxNiwxNywxOCwxOSwyMCwyMSwyMiwyMywyNCwyNSwyNiwyNywyOCwyOSwzMCwzMSwzMiwzMywzNCwzNSwzNiwzNywzOCwzOSw0MCw0MSw0Miw0Myw0NCw0NSw0Niw0Nyw0OCw0OSw1MCw1MSw1Miw1Myw1NCw1NSw1Niw1Nyw1OCw1OSw2MCw2MSw2Miw2Myw2NCw2NSw2Niw2Nyw2OCw2OSw3MCw3MSw3Miw3Myw3NCw3NSw3Niw3Nyw3OCw3OSw4MCw4MSw4Miw4Myw4NCw4NSw4Niw4Nyw4OCw4OSw5MCw5MSw5Miw5Myw5NCw5NSw5Niw5Nyw5OCw5OSwxMDAsMjEsMl0sImV4cCI6MTc2OTQ4OTQ5OCwiaXNzIjoicW1QbHVzIiwibmJmIjoxNzY5NDgxMjk4fQ.7N46Ecl_m3p7gzodWaicmGZZ-eRk4XYdOdOQU0hSt90, base_url_app=http://10.48.0.17:8888, base=1, timestamp=1769507417918}
Assertion script returned null, treating as success
Extractor execution - Type: JSONPATH, Expression: [null], Variable: null
JSONPath execution error for expression [null]: path can not be null or empty
2026-01-27T17:50:19.076+08:00  INFO 46428 --- [pool-4-thread-1] c.t.automation.service.TestCaseService   : =================== MAIN REQUEST START ===================
2026-01-27T17:50:19.078+08:00  INFO 46428 --- [pool-4-thread-1] c.t.automation.service.TestCaseService   : Case:   purhase module
2026-01-27T17:50:19.078+08:00  INFO 46428 --- [pool-4-thread-1] c.t.automation.service.TestCaseService   : Method: PUT
2026-01-27T17:50:19.078+08:00  INFO 46428 --- [pool-4-thread-1] c.t.automation.service.TestCaseService   : URL:    http://10.48.0.17:38081/api/CarPurchase/Update
2026-01-27T17:50:19.078+08:00  INFO 46428 --- [pool-4-thread-1] c.t.automation.service.TestCaseService   : Body (Raw):      {
  "id": ${purchaseId},
  "carSource": 5,
  "address": "",
  "purchaseType": 2,
  "plateNumber": "${plateNumber}",
  "purchasePrice": "17388",
  "handingFee": "4594",
  "brandId": "AION",
  "modelId": "Y Plus",
  "year": "2025",
  "variantId": "Elite",
  "variantFacetId": "Elite SUV (FWD)",
  "variantAndFacetId": "Elite-Elite SUV (FWD)",
  "carEngine": "0.0",
  "carTransmission": "Auto",
  "buyerPicId": 763,
  "buyerPicName": "linying",
  "carType": 1,
  "subCarType": 1,
  "collectionResult": 2,
  "warehouseId": 10,
  "collectionDate": ${timestamp},
  "checkList": [
    {
      "id": ${idList[0]},
      "purchaseId": ${purchaseId},
      "name": "Spare Key",
      "code": "Spare Key",
      "required": 1,
      "sequence": 1,
      "status": 0
    },
    {
      "id": ${idList[1]},
      "purchaseId": ${purchaseId},
      "name": "Service Book",
      "code": "Service Book",
      "required": 1,
      "sequence": 2,
      "status": 0
    },
    {
      "id": ${idList[2]},
      "purchaseId": ${purchaseId},
      "name": "ODO",
      "code": "ODO",
      "required": 1,
      "sequence": 3,
      "status": 0
    },
    {
      "id": ${idList[3]},
      "purchaseId": ${purchaseId},
      "name": "QC Form",
      "code": "QC Form",
      "required": 1,
      "sequence": 4,
      "status": 0
    }
  ]
}
2026-01-27T17:50:19.079+08:00  INFO 46428 --- [pool-4-thread-1] c.t.automation.service.TestCaseService   : Body (Resolved): {
  "id": 34009,
  "carSource": 5,
  "address": "",
  "purchaseType": 2,
  "plateNumber": "CD68617",
  "purchasePrice": "17388",
  "handingFee": "4594",
  "brandId": "AION",
  "modelId": "Y Plus",
  "year": "2025",
  "variantId": "Elite",
  "variantFacetId": "Elite SUV (FWD)",
  "variantAndFacetId": "Elite-Elite SUV (FWD)",
  "carEngine": "0.0",
  "carTransmission": "Auto",
  "buyerPicId": 763,
  "buyerPicName": "linying",
  "carType": 1,
  "subCarType": 1,
  "collectionResult": 2,
  "warehouseId": 10,
  "collectionDate": 1769507417918,
  "checkList": [
    {
      "id": 136021,
      "purchaseId": 34009,
      "name": "Spare Key",
      "code": "Spare Key",
      "required": 1,
      "sequence": 1,
      "status": 0
    },
    {
      "id": 136022,
      "purchaseId": 34009,
      "name": "Service Book",
      "code": "Service Book",
      "required": 1,
      "sequence": 2,
      "status": 0
    },
    {
      "id": 136023,
      "purchaseId": 34009,
      "name": "ODO",
      "code": "ODO",
      "required": 1,
      "sequence": 3,
      "status": 0
    },
    {
      "id": 136024,
      "purchaseId": 34009,
      "name": "QC Form",
      "code": "QC Form",
      "required": 1,
      "sequence": 4,
      "status": 0
    }
  ]
}
2026-01-27T17:50:19.079+08:00  INFO 46428 --- [pool-4-thread-1] c.t.automation.service.TestCaseService   : =================== MAIN REQUEST END =====================
Executing assertion script: status_code == 200
Fixed script (single quotes for JSONPath): status_code == 200
Variables after assertion script: {purchaseId=34009, base_url=http://localhost:8080, cms-id-token=eyJhbGciOiJSUzI1NiIsImtpZCI6IjFjMzIxOTgzNGRhNTBlMjBmYWVhZWE3Yzg2Y2U3YjU1MzhmMTdiZTEiLCJ0eXAiOiJKV1QifQ.eyJuYW1lIjoiTmluZ0JvIFpoYW5nIiwicGljdHVyZSI6Imh0dHBzOi8vbGgzLmdvb2dsZXVzZXJjb250ZW50LmNvbS9hL0FDZzhvY0pFaURPOWRoWDhpNF9pNjJXMjMzdDdyUnJVajQ1MjBhYUd6aEJPb2VrVFg1c3dBdz1zOTYtYyIsImlzcyI6Imh0dHBzOi8vc2VjdXJldG9rZW4uZ29vZ2xlLmNvbS9jYXJzb21lLXByZXByb2R1Y3Rpb24iLCJhdWQiOiJjYXJzb21lLXByZXByb2R1Y3Rpb24iLCJhdXRoX3RpbWUiOjE3Njk0ODIyOTcsInVzZXJfaWQiOiJSbkxrNzNQZHFSU2lsalE2aGRyeE1uSDFWSG4yIiwic3ViIjoiUm5MazczUGRxUlNpbGpRNmhkcnhNbkgxVkhuMiIsImlhdCI6MTc2OTQ4MjI5NywiZXhwIjoxNzY5NDg1ODk3LCJlbWFpbCI6Im5pbmdiby56aGFuZ0BjYXJzb21lLmNvbSIsImVtYWlsX3ZlcmlmaWVkIjp0cnVlLCJmaXJlYmFzZSI6eyJpZGVudGl0aWVzIjp7Imdvb2dsZS5jb20iOlsiMTA1MDcxNDg4NzkxNjAxMDkwMDc3Il0sImVtYWlsIjpbIm5pbmdiby56aGFuZ0BjYXJzb21lLmNvbSJdfSwic2lnbl9pbl9wcm92aWRlciI6Imdvb2dsZS5jb20ifX0.t-RykFjMSveEMimnNzG0PHFVFoNCxiGW5HfZLwFKFEIynPXwQ7ybKz-oWJB4TqLicBhq5wwGD_j7lmrR1wfRDgA2zw536V1_IzeBOwAs2-hc73bfwk2sl5AY-w339iORbYHYUXmG2iJmx4b_NFg1Y0lVQu_GDyouV1VL6SaAlUCbO2LDVrtZb6tjnCli9ZziJlUw1Y1Irp_trjmONXcbi7jZjRYKvOFuPx9793BTBxCcMPMHi-AdvjsVRGwib-gj7t0i3zomKZShXCj55V_-LVnSjQecmje7TTfo94g2Dt4d_QOPGcSAgR1k_8oZsfvJzOFWHZve9UYeQwWvK0rAkg, purchasePrice=87083, idList=[136021,136022,136023,136024], plateNumber=CD68617, handingFee=1904, token=eyJhbGciOiJIUzI1NiIsInR5cCI6IkpXVCJ9.eyJVVUlEIjoiMDAwMDAwMDAtMDAwMC0wMDAwLTAwMDAtMDAwMDAwMDAwMDAwIiwiSUQiOjQwMCwiTmlja05hbWUiOiJ6bmJvUmVhbCIsIkVtYWlsIjoibmluZ2JvLnpoYW5nQGNhcnNvbWUuY29tIiwiQXV0aG9yaXR5SWQiOiJJbnRlcm5hbCBMb3cgTG9hZGVyLGFkbWluLEJyYW5jaCBNYW5hZ2VyIiwiVHlwZSI6MiwiU3RvcmVJZHMiOlsxLDIsMyw0LDUsNiw3LDgsOSwxMCwxMSwxMiwxMywxNCwxNSwxNiwxNywxOCwxOSwyMCwyMSwyMiwyMywyNCwyNSwyNiwyNywyOCwyOSwzMCwzMSwzMiwzMywzNCwzNSwzNiwzNywzOCwzOSw0MCw0MSw0Miw0Myw0NCw0NSw0Niw0Nyw0OCw0OSw1MCw1MSw1Miw1Myw1NCw1NSw1Niw1Nyw1OCw1OSw2MCw2MSw2Miw2Myw2NCw2NSw2Niw2Nyw2OCw2OSw3MCw3MSw3Miw3Myw3NCw3NSw3Niw3Nyw3OCw3OSw4MCw4MSw4Miw4Myw4NCw4NSw4Niw4Nyw4OCw4OSw5MCw5MSw5Miw5Myw5NCw5NSw5Niw5Nyw5OCw5OSwxMDAsMjEsMl0sImV4cCI6NjIyNDg5MDI2MTgsImlzcyI6InFtUGx1cyIsIm5iZiI6MTc2OTUwNjQxOH0.CUDy0hm-3Df2e4I-wc4pVYaiku-e-uL6uMaY3wFJJDA, 1=2, cms-token=eyJhbGciOiJIUzI1NiIsInR5cCI6IkpXVCJ9.eyJVVUlEIjoiMDAwMDAwMDAtMDAwMC0wMDAwLTAwMDAtMDAwMDAwMDAwMDAwIiwiSUQiOjQwMCwiTmlja05hbWUiOiJ6bmJvUmVhbCIsIkVtYWlsIjoibmluZ2JvLnpoYW5nQGNhcnNvbWUuY29tIiwiQXV0aG9yaXR5SWQiOiJJbnRlcm5hbCBMb3cgTG9hZGVyLGFkbWluLEJyYW5jaCBNYW5hZ2VyIiwiVHlwZSI6MCwiU3RvcmVJZHMiOlsxLDIsMyw0LDUsNiw3LDgsOSwxMCwxMSwxMiwxMywxNCwxNSwxNiwxNywxOCwxOSwyMCwyMSwyMiwyMywyNCwyNSwyNiwyNywyOCwyOSwzMCwzMSwzMiwzMywzNCwzNSwzNiwzNywzOCwzOSw0MCw0MSw0Miw0Myw0NCw0NSw0Niw0Nyw0OCw0OSw1MCw1MSw1Miw1Myw1NCw1NSw1Niw1Nyw1OCw1OSw2MCw2MSw2Miw2Myw2NCw2NSw2Niw2Nyw2OCw2OSw3MCw3MSw3Miw3Myw3NCw3NSw3Niw3Nyw3OCw3OSw4MCw4MSw4Miw4Myw4NCw4NSw4Niw4Nyw4OCw4OSw5MCw5MSw5Miw5Myw5NCw5NSw5Niw5Nyw5OCw5OSwxMDAsMjEsMl0sImV4cCI6MTc2OTQ4OTQ5OCwiaXNzIjoicW1QbHVzIiwibmJmIjoxNzY5NDgxMjk4fQ.7N46Ecl_m3p7gzodWaicmGZZ-eRk4XYdOdOQU0hSt90, base_url_app=http://10.48.0.17:8888, base=1, timestamp=1769507417918}
Assertion script returned boolean: true
2026-01-27T17:50:20.221+08:00 DEBUG 46428 --- [pool-4-thread-1] o.s.jdbc.datasource.DataSourceUtils      : Fetching JDBC Connection from DataSource
2026-01-27T17:50:20.239+08:00 DEBUG 46428 --- [pool-4-thread-1] o.s.jdbc.datasource.DataSourceUtils      : Fetching JDBC Connection from DataSource
2026-01-27T17:50:20.252+08:00 DEBUG 46428 --- [pool-4-thread-1] o.s.jdbc.datasource.DataSourceUtils      : Fetching JDBC Connection from DataSource
2026-01-27T17:50:20.262+08:00 DEBUG 46428 --- [pool-4-thread-1] o.s.jdbc.datasource.DataSourceUtils      : Fetching JDBC Connection from DataSource
2026-01-27T17:50:20.275+08:00 DEBUG 46428 --- [pool-4-thread-1] o.s.jdbc.datasource.DataSourceUtils      : Fetching JDBC Connection from DataSource
2026-01-27T17:50:20.287+08:00 DEBUG 46428 --- [pool-4-thread-1] o.s.jdbc.datasource.DataSourceUtils      : Fetching JDBC Connection from DataSource
2026-01-27T17:50:20.501+08:00  INFO 46428 --- [pool-4-thread-1] c.t.a.controller.TestCaseController      : SSE execution completed successfully
2026-01-27T17:50:47.679+08:00 DEBUG 46428 --- [l-1 housekeeper] com.zaxxer.hikari.pool.HikariPool        : HikariPool-1 - Pool stats (total=10, active=0, idle=10, waiting=0)
2026-01-27T17:50:47.680+08:00 DEBUG 46428 --- [l-1 housekeeper] com.zaxxer.hikari.pool.HikariPool        : HikariPool-1 - Fill pool skipped, pool has sufficient level or currently being filled (queueDepth=0).
2026-01-27T17:51:17.684+08:00 DEBUG 46428 --- [l-1 housekeeper] com.zaxxer.hikari.pool.HikariPool        : HikariPool-1 - Pool stats (total=10, active=0, idle=10, waiting=0)
2026-01-27T17:51:17.685+08:00 DEBUG 46428 --- [l-1 housekeeper] com.zaxxer.hikari.pool.HikariPool        : HikariPool-1 - Fill pool skipped, pool has sufficient level or currently being filled (queueDepth=0).
2026-01-27T17:51:47.691+08:00 DEBUG 46428 --- [l-1 housekeeper] com.zaxxer.hikari.pool.HikariPool        : HikariPool-1 - Pool stats (total=10, active=0, idle=10, waiting=0)
2026-01-27T17:51:47.692+08:00 DEBUG 46428 --- [l-1 housekeeper] com.zaxxer.hikari.pool.HikariPool        : HikariPool-1 - Fill pool skipped, pool has sufficient level or currently being filled (queueDepth=0).
2026-01-27T17:52:17.696+08:00 DEBUG 46428 --- [l-1 housekeeper] com.zaxxer.hikari.pool.HikariPool        : HikariPool-1 - Pool stats (total=10, active=0, idle=10, waiting=0)
2026-01-27T17:52:17.698+08:00 DEBUG 46428 --- [l-1 housekeeper] com.zaxxer.hikari.pool.HikariPool        : HikariPool-1 - Fill pool skipped, pool has sufficient level or currently being filled (queueDepth=0).
2026-01-27T17:52:47.701+08:00 DEBUG 46428 --- [l-1 housekeeper] com.zaxxer.hikari.pool.HikariPool        : HikariPool-1 - Pool stats (total=10, active=0, idle=10, waiting=0)
2026-01-27T17:52:47.702+08:00 DEBUG 46428 --- [l-1 housekeeper] com.zaxxer.hikari.pool.HikariPool        : HikariPool-1 - Fill pool skipped, pool has sufficient level or currently being filled (queueDepth=0).
2026-01-27T17:52:57.348+08:00 DEBUG 46428 --- [nio-7777-exec-3] o.s.jdbc.datasource.DataSourceUtils      : Fetching JDBC Connection from DataSource
2026-01-27T17:53:17.707+08:00 DEBUG 46428 --- [l-1 housekeeper] com.zaxxer.hikari.pool.HikariPool        : HikariPool-1 - Pool stats (total=10, active=0, idle=10, waiting=0)
2026-01-27T17:53:17.708+08:00 DEBUG 46428 --- [l-1 housekeeper] com.zaxxer.hikari.pool.HikariPool        : HikariPool-1 - Fill pool skipped, pool has sufficient level or currently being filled (queueDepth=0).
2026-01-27T17:53:47.713+08:00 DEBUG 46428 --- [l-1 housekeeper] com.zaxxer.hikari.pool.HikariPool        : HikariPool-1 - Pool stats (total=10, active=0, idle=10, waiting=0)
2026-01-27T17:53:47.713+08:00 DEBUG 46428 --- [l-1 housekeeper] com.zaxxer.hikari.pool.HikariPool        : HikariPool-1 - Fill pool skipped, pool has sufficient level or currently being filled (queueDepth=0).
2026-01-27T17:54:17.719+08:00 DEBUG 46428 --- [l-1 housekeeper] com.zaxxer.hikari.pool.HikariPool        : HikariPool-1 - Pool stats (total=10, active=0, idle=10, waiting=0)
2026-01-27T17:54:17.721+08:00 DEBUG 46428 --- [l-1 housekeeper] com.zaxxer.hikari.pool.HikariPool        : HikariPool-1 - Fill pool skipped, pool has sufficient level or currently being filled (queueDepth=0).
2026-01-27T17:54:47.723+08:00 DEBUG 46428 --- [l-1 housekeeper] com.zaxxer.hikari.pool.HikariPool        : HikariPool-1 - Pool stats (total=10, active=0, idle=10, waiting=0)
2026-01-27T17:54:47.727+08:00 DEBUG 46428 --- [l-1 housekeeper] com.zaxxer.hikari.pool.HikariPool        : HikariPool-1 - Fill pool skipped, pool has sufficient level or currently being filled (queueDepth=0).
2026-01-27T17:55:17.730+08:00 DEBUG 46428 --- [l-1 housekeeper] com.zaxxer.hikari.pool.HikariPool        : HikariPool-1 - Pool stats (total=10, active=0, idle=10, waiting=0)
2026-01-27T17:55:17.732+08:00 DEBUG 46428 --- [l-1 housekeeper] com.zaxxer.hikari.pool.HikariPool        : HikariPool-1 - Fill pool skipped, pool has sufficient level or currently being filled (queueDepth=0).
2026-01-27T17:55:47.738+08:00 DEBUG 46428 --- [l-1 housekeeper] com.zaxxer.hikari.pool.HikariPool        : HikariPool-1 - Pool stats (total=10, active=0, idle=10, waiting=0)
2026-01-27T17:55:47.738+08:00 DEBUG 46428 --- [l-1 housekeeper] com.zaxxer.hikari.pool.HikariPool        : HikariPool-1 - Fill pool skipped, pool has sufficient level or currently being filled (queueDepth=0).
2026-01-27T17:56:17.740+08:00 DEBUG 46428 --- [l-1 housekeeper] com.zaxxer.hikari.pool.HikariPool        : HikariPool-1 - Pool stats (total=10, active=0, idle=10, waiting=0)
2026-01-27T17:56:17.742+08:00 DEBUG 46428 --- [l-1 housekeeper] com.zaxxer.hikari.pool.HikariPool        : HikariPool-1 - Fill pool skipped, pool has sufficient level or currently being filled (queueDepth=0).
2026-01-27T17:56:47.748+08:00 DEBUG 46428 --- [l-1 housekeeper] com.zaxxer.hikari.pool.HikariPool        : HikariPool-1 - Pool stats (total=10, active=0, idle=10, waiting=0)
2026-01-27T17:56:47.750+08:00 DEBUG 46428 --- [l-1 housekeeper] com.zaxxer.hikari.pool.HikariPool        : HikariPool-1 - Fill pool skipped, pool has sufficient level or currently being filled (queueDepth=0).
2026-01-27T17:56:49.683+08:00  INFO 46428 --- [nio-7777-exec-5] c.t.a.controller.TestCaseController      : SSE Stream started - projectId: null, moduleId: null, caseId: 912, envKey: dev
2026-01-27T17:56:49.684+08:00  INFO 46428 --- [pool-4-thread-2] c.t.a.controller.TestCaseController      : SSE executor thread started
2026-01-27T17:56:49.684+08:00  INFO 46428 --- [pool-4-thread-2] c.t.a.controller.TestCaseController      : SSE initial message sent successfully
2026-01-27T17:56:49.688+08:00 DEBUG 46428 --- [pool-4-thread-2] o.s.jdbc.datasource.DataSourceUtils      : Fetching JDBC Connection from DataSource
2026-01-27T17:56:49.708+08:00 DEBUG 46428 --- [pool-4-thread-2] o.s.jdbc.datasource.DataSourceUtils      : Fetching JDBC Connection from DataSource
2026-01-27T17:56:49.717+08:00 DEBUG 46428 --- [pool-4-thread-2] o.s.jdbc.datasource.DataSourceUtils      : Fetching JDBC Connection from DataSource
2026-01-27T17:56:49.732+08:00 ERROR 46428 --- [pool-4-thread-2] io.qameta.allure.AllureLifecycle         : Could not update test case: no test case running
2026-01-27T17:56:49.733+08:00  INFO 46428 --- [pool-4-thread-2] c.t.automation.service.TestCaseService   : =================== MAIN REQUEST START ===================
2026-01-27T17:56:49.733+08:00  INFO 46428 --- [pool-4-thread-2] c.t.automation.service.TestCaseService   : Case:   manager car list
2026-01-27T17:56:49.733+08:00  INFO 46428 --- [pool-4-thread-2] c.t.automation.service.TestCaseService   : Method: POST
2026-01-27T17:56:49.733+08:00  INFO 46428 --- [pool-4-thread-2] c.t.automation.service.TestCaseService   : URL:    http://10.48.0.17:38081/api/Car/List
2026-01-27T17:56:49.733+08:00  INFO 46428 --- [pool-4-thread-2] c.t.automation.service.TestCaseService   : Body (Raw):      {"PageInfo":{"pageNo":1,"pageSize":10},"variantId":-1}
2026-01-27T17:56:49.733+08:00  INFO 46428 --- [pool-4-thread-2] c.t.automation.service.TestCaseService   : Body (Resolved): {"PageInfo":{"pageNo":1,"pageSize":10},"variantId":-1}
2026-01-27T17:56:49.733+08:00  INFO 46428 --- [pool-4-thread-2] c.t.automation.service.TestCaseService   : =================== MAIN REQUEST END =====================
Executing assertion script: status_code == 200
Fixed script (single quotes for JSONPath): status_code == 200
Variables after assertion script: {1=2, cms-token=eyJhbGciOiJIUzI1NiIsInR5cCI6IkpXVCJ9.eyJVVUlEIjoiMDAwMDAwMDAtMDAwMC0wMDAwLTAwMDAtMDAwMDAwMDAwMDAwIiwiSUQiOjQwMCwiTmlja05hbWUiOiJ6bmJvUmVhbCIsIkVtYWlsIjoibmluZ2JvLnpoYW5nQGNhcnNvbWUuY29tIiwiQXV0aG9yaXR5SWQiOiJJbnRlcm5hbCBMb3cgTG9hZGVyLGFkbWluLEJyYW5jaCBNYW5hZ2VyIiwiVHlwZSI6MCwiU3RvcmVJZHMiOlsxLDIsMyw0LDUsNiw3LDgsOSwxMCwxMSwxMiwxMywxNCwxNSwxNiwxNywxOCwxOSwyMCwyMSwyMiwyMywyNCwyNSwyNiwyNywyOCwyOSwzMCwzMSwzMiwzMywzNCwzNSwzNiwzNywzOCwzOSw0MCw0MSw0Miw0Myw0NCw0NSw0Niw0Nyw0OCw0OSw1MCw1MSw1Miw1Myw1NCw1NSw1Niw1Nyw1OCw1OSw2MCw2MSw2Miw2Myw2NCw2NSw2Niw2Nyw2OCw2OSw3MCw3MSw3Miw3Myw3NCw3NSw3Niw3Nyw3OCw3OSw4MCw4MSw4Miw4Myw4NCw4NSw4Niw4Nyw4OCw4OSw5MCw5MSw5Miw5Myw5NCw5NSw5Niw5Nyw5OCw5OSwxMDAsMjEsMl0sImV4cCI6MTc2OTQxNzc2OCwiaXNzIjoicW1QbHVzIiwibmJmIjoxNzY5NDA5NTY4fQ.yrjXSu8xqkZ5E6-ozNihvW9_zDD9gqlRkmiuC3bUEHM, base_url_website=http://10.48.0.17:10001/website, base_url_app=http://10.48.0.27:8888, base_url=http://localhost:8080, cms-id-token=eyJhbGciOiJSUzI1NiIsImtpZCI6IjFjMzIxOTgzNGRhNTBlMjBmYWVhZWE3Yzg2Y2U3YjU1MzhmMTdiZTEiLCJ0eXAiOiJKV1QifQ.eyJuYW1lIjoiTmluZ0JvIFpoYW5nIiwicGljdHVyZSI6Imh0dHBzOi8vbGgzLmdvb2dsZXVzZXJjb250ZW50LmNvbS9hL0FDZzhvY0pFaURPOWRoWDhpNF9pNjJXMjMzdDdyUnJVajQ1MjBhYUd6aEJPb2VrVFg1c3dBdz1zOTYtYyIsImlzcyI6Imh0dHBzOi8vc2VjdXJldG9rZW4uZ29vZ2xlLmNvbS9jYXJzb21lLXByZXByb2R1Y3Rpb24iLCJhdWQiOiJjYXJzb21lLXByZXByb2R1Y3Rpb24iLCJhdXRoX3RpbWUiOjE3Njk0MTA1NjcsInVzZXJfaWQiOiJSbkxrNzNQZHFSU2lsalE2aGRyeE1uSDFWSG4yIiwic3ViIjoiUm5MazczUGRxUlNpbGpRNmhkcnhNbkgxVkhuMiIsImlhdCI6MTc2OTQxMDU2NywiZXhwIjoxNzY5NDE0MTY3LCJlbWFpbCI6Im5pbmdiby56aGFuZ0BjYXJzb21lLmNvbSIsImVtYWlsX3ZlcmlmaWVkIjp0cnVlLCJmaXJlYmFzZSI6eyJpZGVudGl0aWVzIjp7Imdvb2dsZS5jb20iOlsiMTA1MDcxNDg4NzkxNjAxMDkwMDc3Il0sImVtYWlsIjpbIm5pbmdiby56aGFuZ0BjYXJzb21lLmNvbSJdfSwic2lnbl9pbl9wcm92aWRlciI6Imdvb2dsZS5jb20ifX0.b1Z4evFA-J_oAdCrfw41wgWj-g_wfEYQ3WoiicyDVMgAzS8cIfy-Q2S5sMBqNuwGLYwirTWMnUZEhEas5VE8zLGSFAxYmm7dAxrNvZjjr4JWuXBlOwyCrVK6BTJHzbn3Urn1Zou4v_V2tQ1CqcLx_0JwNNbTh2yhl6HT1FoHFh0eJObLXdvGAQG6ggrYxEXOsT53abxk6-NwYMTOVt4mP4iCjbb1m4U7KF-tBQn7ZBJ1NHmK3UTnth6NftRcwLhwysIXv81x4MDGFzg9gHvYGMZbvdiaoRkbrHc-9-H024aLQChn37Dm9CUU45v2sWeqNbjnaKNQUph2qKJ8q51w_A, x-token=eyJhbGciOiJIUzI1NiIsInR5cCI6IkpXVCJ9.eyJDdXN0b21lcklkIjoiMjQxMTIyMDAwMDIiLCJJRCI6MjUxNzgsIlVuaWZpZWRJZCI6IjYzMmNjNjIxLWNkMDgtMmZhZC0yNTY4LTE4ZGEzYmI0OTJjNiIsIk5pY2tOYW1lIjoiMDE5OTk5ODg4ODIiLCJBdXRob3JpdHlJZCI6Ijg4OCIsImV4cCI6MTc4MTMzODcxOSwiaXNzIjoicW1QbHVzIiwibmJmIjoxNzY1Nzg1NzE5fQ.pNu2V_mkg6T8Dp5bpcz0Co8MbvUqPF4DoHVbDoI9nVo, base_url_cms=http://10.48.0.17:38081/api, base=1}
Assertion script returned boolean: true
2026-01-27T17:56:49.780+08:00 DEBUG 46428 --- [pool-4-thread-2] o.s.jdbc.datasource.DataSourceUtils      : Fetching JDBC Connection from DataSource
2026-01-27T17:56:49.791+08:00 DEBUG 46428 --- [pool-4-thread-2] o.s.jdbc.datasource.DataSourceUtils      : Fetching JDBC Connection from DataSource
2026-01-27T17:56:50.005+08:00  INFO 46428 --- [pool-4-thread-2] c.t.a.controller.TestCaseController      : SSE execution completed successfully
2026-01-27T17:57:17.755+08:00 DEBUG 46428 --- [l-1 housekeeper] com.zaxxer.hikari.pool.HikariPool        : HikariPool-1 - Pool stats (total=10, active=0, idle=10, waiting=0)
2026-01-27T17:57:17.756+08:00 DEBUG 46428 --- [l-1 housekeeper] com.zaxxer.hikari.pool.HikariPool        : HikariPool-1 - Fill pool skipped, pool has sufficient level or currently being filled (queueDepth=0).
2026-01-27T17:57:47.762+08:00 DEBUG 46428 --- [l-1 housekeeper] com.zaxxer.hikari.pool.HikariPool        : HikariPool-1 - Pool stats (total=10, active=0, idle=10, waiting=0)
2026-01-27T17:57:47.764+08:00 DEBUG 46428 --- [l-1 housekeeper] com.zaxxer.hikari.pool.HikariPool        : HikariPool-1 - Fill pool skipped, pool has sufficient level or currently being filled (queueDepth=0).
2026-01-27T17:58:17.770+08:00 DEBUG 46428 --- [l-1 housekeeper] com.zaxxer.hikari.pool.HikariPool        : HikariPool-1 - Pool stats (total=10, active=0, idle=10, waiting=0)
2026-01-27T17:58:17.772+08:00 DEBUG 46428 --- [l-1 housekeeper] com.zaxxer.hikari.pool.HikariPool        : HikariPool-1 - Fill pool skipped, pool has sufficient level or currently being filled (queueDepth=0).
2026-01-27T17:58:47.779+08:00 DEBUG 46428 --- [l-1 housekeeper] com.zaxxer.hikari.pool.HikariPool        : HikariPool-1 - Pool stats (total=10, active=0, idle=10, waiting=0)
2026-01-27T17:58:47.782+08:00 DEBUG 46428 --- [l-1 housekeeper] com.zaxxer.hikari.pool.HikariPool        : HikariPool-1 - Fill pool skipped, pool has sufficient level or currently being filled (queueDepth=0).
[INFO] ------------------------------------------------------------------------
[INFO] BUILD FAILURE
[INFO] ------------------------------------------------------------------------
[INFO] Total time:  09:45 min
[INFO] Finished at: 2026-01-27T17:59:03+08:00
[INFO] ------------------------------------------------------------------------
[ERROR] Failed to execute goal org.springframework.boot:spring-boot-maven-plugin:3.2.3:run (default-cli) on project api-automation-platform: Process terminated with exit code: 137 -> [Help 1]
[ERROR] 
[ERROR] To see the full stack trace of the errors, re-run Maven with the -e switch.
[ERROR] Re-run Maven using the -X switch to enable full debug logging.
[ERROR] 
[ERROR] For more information about the errors and possible solutions, please read the following articles:
[ERROR] [Help 1] http://cwiki.apache.org/confluence/display/MAVEN/MojoExecutionException
